<?xml version="1.0" encoding="UTF-8"?>
<!-- Generated by org.testng.reporters.JUnitReportReporter -->
<testsuite hostname="LAPTOP-SH10C9CC" failures="0" tests="3" name="Practise.DataProvider_" time="42.188" errors="0" timestamp="2022-08-16T12:51:55 IST" skipped="0">
  <testcase classname="Practise.DataProvider_" name="dataprovider" time="13.877"/>
  <system-out/>
  <testcase classname="Practise.DataProvider_" name="dataprovider" time="14.382"/>
  <system-out/>
  <testcase classname="Practise.DataProvider_" name="dataprovider" time="13.929"/>
  <system-out/>
</testsuite> <!-- Practise.DataProvider_ -->
