<?xml version="1.0" encoding="UTF-8"?>
<!-- Generated by org.testng.reporters.JUnitReportReporter -->
<testsuite hostname="LAPTOP-SH10C9CC" failures="0" tests="1" name="By_Naveen_TestNG_Framwork.parallel_execution" time="0.000" errors="0" timestamp="2022-07-12T22:55:57 IST" skipped="1">
  <testcase classname="By_Naveen_TestNG_Framwork.parallel_execution" name="method" time="0.000">
    <skipped/>
  </testcase> <!-- method -->
  <system-out/>
</testsuite> <!-- By_Naveen_TestNG_Framwork.parallel_execution -->
