<?xml version="1.0" encoding="UTF-8"?>
<!-- Generated by org.testng.reporters.JUnitReportReporter -->
<testsuite hostname="LAPTOP-SH10C9CC" failures="0" tests="8" name="By_Naveen_TestNG_Framwork.Feature_TestNG" time="0.040" errors="0" timestamp="2022-07-11T13:55:47 IST" skipped="0">
  <testcase classname="By_Naveen_TestNG_Framwork.Feature_TestNG" name="method1" time="0.009"/>
  <system-out/>
  <testcase classname="By_Naveen_TestNG_Framwork.Feature_TestNG" name="method2" time="0.001"/>
  <system-out/>
  <testcase classname="By_Naveen_TestNG_Framwork.Feature_TestNG" name="method2" time="0.017"/>
  <system-out/>
  <testcase classname="By_Naveen_TestNG_Framwork.Feature_TestNG" name="method2" time="0.000"/>
  <system-out/>
  <testcase classname="By_Naveen_TestNG_Framwork.Feature_TestNG" name="method2" time="0.006"/>
  <system-out/>
  <testcase classname="By_Naveen_TestNG_Framwork.Feature_TestNG" name="method2" time="0.002"/>
  <system-out/>
  <testcase classname="By_Naveen_TestNG_Framwork.Feature_TestNG" name="method4" time="0.003"/>
  <system-out/>
  <testcase classname="By_Naveen_TestNG_Framwork.Feature_TestNG" name="method3" time="0.002"/>
  <system-out/>
</testsuite> <!-- By_Naveen_TestNG_Framwork.Feature_TestNG -->
