<?xml version="1.0" encoding="UTF-8"?>
<!-- Generated by org.testng.reporters.JUnitReportReporter -->
<testsuite hostname="LAPTOP-SH10C9CC" failures="0" tests="1" name="By_Naveen_TestNG_Framwork.TestNG_Basic_Anotations" time="0.015" errors="0" timestamp="2022-07-11T13:55:47 IST" skipped="0">
  <testcase classname="By_Naveen_TestNG_Framwork.TestNG_Basic_Anotations" name="Test" time="0.015"/>
  <system-out/>
</testsuite> <!-- By_Naveen_TestNG_Framwork.TestNG_Basic_Anotations -->
