<?xml version="1.0" encoding="UTF-8"?>
<!-- Generated by org.testng.reporters.JUnitReportReporter -->
<testsuite hostname="LAPTOP-SH10C9CC" failures="0" tests="1" name="By_Naveen_TestNG_Framwork.Annotations_flow" time="0.011" errors="0" timestamp="2022-07-14T23:24:10 IST" skipped="0">
  <testcase classname="By_Naveen_TestNG_Framwork.Annotations_flow" name="Testmethod1" time="0.011"/>
  <system-out/>
</testsuite> <!-- By_Naveen_TestNG_Framwork.Annotations_flow -->
