<?xml version="1.0" encoding="UTF-8"?>
<!-- Generated by org.testng.reporters.JUnitReportReporter -->
<testsuite hostname="LAPTOP-SH10C9CC" failures="0" tests="5" name="By_Naveen_TestNG_Framwork.invocationCount_invocation_Time_Out_Thraed_Count" time="37.057" errors="0" timestamp="2022-07-12T22:04:55 IST" skipped="0">
  <testcase classname="By_Naveen_TestNG_Framwork.invocationCount_invocation_Time_Out_Thraed_Count" name="method" time="7.658"/>
  <system-out/>
  <testcase classname="By_Naveen_TestNG_Framwork.invocationCount_invocation_Time_Out_Thraed_Count" name="method" time="4.244"/>
  <system-out/>
  <testcase classname="By_Naveen_TestNG_Framwork.invocationCount_invocation_Time_Out_Thraed_Count" name="method" time="8.863"/>
  <system-out/>
  <testcase classname="By_Naveen_TestNG_Framwork.invocationCount_invocation_Time_Out_Thraed_Count" name="method" time="8.607"/>
  <system-out/>
  <testcase classname="By_Naveen_TestNG_Framwork.invocationCount_invocation_Time_Out_Thraed_Count" name="method" time="7.685"/>
  <system-out/>
</testsuite> <!-- By_Naveen_TestNG_Framwork.invocationCount_invocation_Time_Out_Thraed_Count -->
