<?xml version="1.0" encoding="UTF-8"?>
<!-- Generated by org.testng.reporters.JUnitReportReporter -->
<testsuite hostname="LAPTOP-SH10C9CC" failures="0" tests="2" name="By_Naveen_TestNG_Framwork.Assertion_In_TestNG_for_Validation" time="6.151" errors="0" timestamp="2022-07-11T13:59:42 IST" skipped="0">
  <testcase classname="By_Naveen_TestNG_Framwork.Assertion_In_TestNG_for_Validation" name="logo" time="6.129"/>
  <system-out/>
  <testcase classname="By_Naveen_TestNG_Framwork.Assertion_In_TestNG_for_Validation" name="Title" time="0.022"/>
  <system-out/>
</testsuite> <!-- By_Naveen_TestNG_Framwork.Assertion_In_TestNG_for_Validation -->
