<?xml version="1.0" encoding="UTF-8"?>
<!-- Generated by org.testng.reporters.JUnitReportReporter -->
<testsuite hostname="LAPTOP-SH10C9CC" failures="0" tests="1" name="Practise.Parameter_passing" time="14.505" errors="0" timestamp="2022-08-16T13:47:14 IST" skipped="0">
  <testcase classname="Practise.Parameter_passing" name="dataprovider" time="14.505"/>
  <system-out/>
</testsuite> <!-- Practise.Parameter_passing -->
