<?xml version="1.0" encoding="UTF-8"?>
<!-- Generated by org.testng.reporters.JUnitReportReporter -->
<testsuite hostname="LAPTOP-SH10C9CC" failures="0" tests="6" name="Practise.DataProvider_With_parallel_execution" time="68.356" errors="0" timestamp="2022-08-16T13:11:59 IST" skipped="0">
  <testcase classname="Practise.DataProvider_With_parallel_execution" name="dataprovider" time="12.185"/>
  <system-out/>
  <testcase classname="Practise.DataProvider_With_parallel_execution" name="dataprovider" time="13.312"/>
  <system-out/>
  <testcase classname="Practise.DataProvider_With_parallel_execution" name="dataprovider" time="13.715"/>
  <system-out/>
  <testcase classname="Practise.DataProvider_With_parallel_execution" name="dataprovider" time="7.776"/>
  <system-out/>
  <testcase classname="Practise.DataProvider_With_parallel_execution" name="dataprovider" time="13.001"/>
  <system-out/>
  <testcase classname="Practise.DataProvider_With_parallel_execution" name="dataprovider" time="8.367"/>
  <system-out/>
</testsuite> <!-- Practise.DataProvider_With_parallel_execution -->
