<?xml version="1.0" encoding="UTF-8"?>
<!-- Generated by org.testng.reporters.JUnitReportReporter -->
<testsuite hostname="LAPTOP-SH10C9CC" failures="0" tests="2" name="By_Naveen_TestNG_Framwork.Crossbrowsing" time="0.212" errors="0" timestamp="2022-07-22T14:06:57 IST" skipped="0">
  <testcase classname="By_Naveen_TestNG_Framwork.Crossbrowsing" name="login" time="0.119"/>
  <system-out/>
  <testcase classname="By_Naveen_TestNG_Framwork.Crossbrowsing" name="login" time="0.093"/>
  <system-out/>
</testsuite> <!-- By_Naveen_TestNG_Framwork.Crossbrowsing -->
