<?xml version="1.0" encoding="UTF-8"?>
<!-- Generated by org.testng.reporters.JUnitReportReporter -->
<testsuite hostname="LAPTOP-SH10C9CC" failures="0" tests="2" name="By_Naveen_TestNG_Framwork.Exel_DataProvider" time="27.176" errors="0" timestamp="2022-07-12T17:52:27 IST" skipped="0">
  <testcase classname="By_Naveen_TestNG_Framwork.Exel_DataProvider" name="method1" time="14.011"/>
  <system-out/>
  <testcase classname="By_Naveen_TestNG_Framwork.Exel_DataProvider" name="method1" time="13.165"/>
  <system-out/>
</testsuite> <!-- By_Naveen_TestNG_Framwork.Exel_DataProvider -->
