<?xml version="1.0" encoding="UTF-8"?>
<!-- Generated by org.testng.reporters.JUnitReportReporter -->
<testsuite hostname="LAPTOP-SH10C9CC" failures="0" tests="3" name="Practise.InvocationCount_InvocationTimeout_threadPollSize" time="15.553" errors="0" timestamp="2022-08-16T18:42:54 IST" skipped="0">
  <testcase classname="Practise.InvocationCount_InvocationTimeout_threadPollSize" name="method" time="5.055"/>
  <system-out/>
  <testcase classname="Practise.InvocationCount_InvocationTimeout_threadPollSize" name="method" time="6.181"/>
  <system-out/>
  <testcase classname="Practise.InvocationCount_InvocationTimeout_threadPollSize" name="method" time="4.317"/>
  <system-out/>
</testsuite> <!-- Practise.InvocationCount_InvocationTimeout_threadPollSize -->
