<?xml version="1.0" encoding="UTF-8"?>
<!-- Generated by org.testng.reporters.JUnitReportReporter -->
<testsuite hostname="LAPTOP-SH10C9CC" failures="0" tests="1" name="Practise.practise2" time="0.009" errors="0" timestamp="2022-08-16T13:09:43 IST" skipped="0">
  <testcase classname="Practise.practise2" name="Testmethod" time="0.009"/>
  <system-out/>
</testsuite> <!-- Practise.practise2 -->
