<?xml version="1.0" encoding="UTF-8"?>
<!-- Generated by org.testng.reporters.JUnitReportReporter -->
<testsuite hostname="LAPTOP-SH10C9CC" failures="0" tests="1" name="Practise.Practise1" time="0.014" errors="0" timestamp="2022-08-16T13:11:59 IST" skipped="0">
  <testcase classname="Practise.Practise1" name="Testmethod" time="0.014"/>
  <system-out/>
</testsuite> <!-- Practise.Practise1 -->
