<?xml version="1.0" encoding="UTF-8"?>
<!-- Generated by org.testng.reporters.JUnitReportReporter -->
<testsuite hostname="LAPTOP-SH10C9CC" failures="0" tests="12" name="Practise.Test2" time="0.024" errors="0" timestamp="2022-08-16T18:17:55 IST" skipped="0">
  <testcase classname="Practise.Test2" name="method4" time="0.001"/>
  <system-out/>
  <testcase classname="Practise.Test2" name="method4" time="0.002"/>
  <system-out/>
  <testcase classname="Practise.Test2" name="method2" time="0.002"/>
  <system-out/>
  <testcase classname="Practise.Test2" name="method4" time="0.001"/>
  <system-out/>
  <testcase classname="Practise.Test2" name="method2" time="0.006"/>
  <system-out/>
  <testcase classname="Practise.Test2" name="method3" time="0.001"/>
  <system-out/>
  <testcase classname="Practise.Test2" name="method3" time="0.003"/>
  <system-out/>
  <testcase classname="Practise.Test2" name="method3" time="0.001"/>
  <system-out/>
  <testcase classname="Practise.Test2" name="method2" time="0.001"/>
  <system-out/>
  <testcase classname="Practise.Test2" name="method1" time="0.001"/>
  <system-out/>
  <testcase classname="Practise.Test2" name="method1" time="0.004"/>
  <system-out/>
  <testcase classname="Practise.Test2" name="method1" time="0.001"/>
  <system-out/>
</testsuite> <!-- Practise.Test2 -->
