<?xml version="1.0" encoding="UTF-8"?>
<!-- Generated by org.testng.reporters.JUnitReportReporter -->
<testsuite hostname="LAPTOP-SH10C9CC" failures="0" tests="1" name="com.banglore_team.validation.Banglore_Team_validatio" time="0.020" errors="0" timestamp="2022-08-22T18:55:20 IST" skipped="0">
  <testcase classname="com.banglore_team.validation.Banglore_Team_validatio" name="banglore_ream" time="0.020"/>
  <system-out/>
</testsuite> <!-- com.banglore_team.validation.Banglore_Team_validatio -->
